<?xml version="1.0" encoding="UTF-8"?>
<testsuite xmlns:xsi="http://www.w3.org/2001/XMLSchema-instance" xsi:noNamespaceSchemaLocation="https://maven.apache.org/surefire/maven-surefire-plugin/xsd/surefire-test-report.xsd" name="com.example.appname.ApplicationTests" time="4.004" tests="1" errors="0" skipped="0" failures="0">
  <properties>
    <property name="java.specification.version" value="17"/>
    <property name="sun.jnu.encoding" value="UTF-8"/>
    <property name="java.class.path" value="/home/natan/learnings/sns_producer/application/target/test-classes:/home/natan/learnings/sns_producer/application/target/classes:/home/natan/.m2/repository/org/springframework/boot/spring-boot-starter-web/2.6.1/spring-boot-starter-web-2.6.1.jar:/home/natan/.m2/repository/org/springframework/boot/spring-boot-starter/2.6.1/spring-boot-starter-2.6.1.jar:/home/natan/.m2/repository/org/springframework/boot/spring-boot/2.6.1/spring-boot-2.6.1.jar:/home/natan/.m2/repository/org/springframework/boot/spring-boot-starter-logging/2.6.1/spring-boot-starter-logging-2.6.1.jar:/home/natan/.m2/repository/org/apache/logging/log4j/log4j-to-slf4j/2.14.1/log4j-to-slf4j-2.14.1.jar:/home/natan/.m2/repository/org/apache/logging/log4j/log4j-api/2.14.1/log4j-api-2.14.1.jar:/home/natan/.m2/repository/org/slf4j/jul-to-slf4j/1.7.32/jul-to-slf4j-1.7.32.jar:/home/natan/.m2/repository/jakarta/annotation/jakarta.annotation-api/1.3.5/jakarta.annotation-api-1.3.5.jar:/home/natan/.m2/repository/org/yaml/snakeyaml/1.29/snakeyaml-1.29.jar:/home/natan/.m2/repository/org/springframework/boot/spring-boot-starter-json/2.6.1/spring-boot-starter-json-2.6.1.jar:/home/natan/.m2/repository/com/fasterxml/jackson/core/jackson-databind/2.13.0/jackson-databind-2.13.0.jar:/home/natan/.m2/repository/com/fasterxml/jackson/core/jackson-annotations/2.13.0/jackson-annotations-2.13.0.jar:/home/natan/.m2/repository/com/fasterxml/jackson/datatype/jackson-datatype-jdk8/2.13.0/jackson-datatype-jdk8-2.13.0.jar:/home/natan/.m2/repository/com/fasterxml/jackson/datatype/jackson-datatype-jsr310/2.13.0/jackson-datatype-jsr310-2.13.0.jar:/home/natan/.m2/repository/com/fasterxml/jackson/module/jackson-module-parameter-names/2.13.0/jackson-module-parameter-names-2.13.0.jar:/home/natan/.m2/repository/org/springframework/spring-web/5.3.13/spring-web-5.3.13.jar:/home/natan/.m2/repository/org/springframework/spring-beans/5.3.13/spring-beans-5.3.13.jar:/home/natan/.m2/repository/org/springframework/spring-webmvc/5.3.13/spring-webmvc-5.3.13.jar:/home/natan/.m2/repository/org/springframework/spring-aop/5.3.13/spring-aop-5.3.13.jar:/home/natan/.m2/repository/org/springframework/spring-context/5.3.13/spring-context-5.3.13.jar:/home/natan/.m2/repository/org/springframework/spring-expression/5.3.13/spring-expression-5.3.13.jar:/home/natan/.m2/repository/org/springframework/boot/spring-boot-starter-undertow/2.6.1/spring-boot-starter-undertow-2.6.1.jar:/home/natan/.m2/repository/io/undertow/undertow-core/2.2.12.Final/undertow-core-2.2.12.Final.jar:/home/natan/.m2/repository/org/jboss/logging/jboss-logging/3.4.2.Final/jboss-logging-3.4.2.Final.jar:/home/natan/.m2/repository/org/jboss/xnio/xnio-api/3.8.4.Final/xnio-api-3.8.4.Final.jar:/home/natan/.m2/repository/org/wildfly/common/wildfly-common/1.5.2.Final/wildfly-common-1.5.2.Final.jar:/home/natan/.m2/repository/org/wildfly/client/wildfly-client-config/1.0.1.Final/wildfly-client-config-1.0.1.Final.jar:/home/natan/.m2/repository/org/jboss/xnio/xnio-nio/3.8.4.Final/xnio-nio-3.8.4.Final.jar:/home/natan/.m2/repository/org/jboss/threads/jboss-threads/3.1.0.Final/jboss-threads-3.1.0.Final.jar:/home/natan/.m2/repository/io/undertow/undertow-servlet/2.2.12.Final/undertow-servlet-2.2.12.Final.jar:/home/natan/.m2/repository/io/undertow/undertow-websockets-jsr/2.2.12.Final/undertow-websockets-jsr-2.2.12.Final.jar:/home/natan/.m2/repository/jakarta/servlet/jakarta.servlet-api/4.0.4/jakarta.servlet-api-4.0.4.jar:/home/natan/.m2/repository/jakarta/websocket/jakarta.websocket-api/1.1.2/jakarta.websocket-api-1.1.2.jar:/home/natan/.m2/repository/org/apache/tomcat/embed/tomcat-embed-el/9.0.55/tomcat-embed-el-9.0.55.jar:/home/natan/.m2/repository/org/springframework/boot/spring-boot-starter-actuator/2.6.1/spring-boot-starter-actuator-2.6.1.jar:/home/natan/.m2/repository/org/springframework/boot/spring-boot-actuator-autoconfigure/2.6.1/spring-boot-actuator-autoconfigure-2.6.1.jar:/home/natan/.m2/repository/org/springframework/boot/spring-boot-actuator/2.6.1/spring-boot-actuator-2.6.1.jar:/home/natan/.m2/repository/io/micrometer/micrometer-core/1.8.0/micrometer-core-1.8.0.jar:/home/natan/.m2/repository/org/hdrhistogram/HdrHistogram/2.1.12/HdrHistogram-2.1.12.jar:/home/natan/.m2/repository/org/latencyutils/LatencyUtils/2.0.3/LatencyUtils-2.0.3.jar:/home/natan/.m2/repository/org/springframework/cloud/spring-cloud-aws-messaging/2.2.6.RELEASE/spring-cloud-aws-messaging-2.2.6.RELEASE.jar:/home/natan/.m2/repository/org/springframework/cloud/spring-cloud-aws-context/2.2.6.RELEASE/spring-cloud-aws-context-2.2.6.RELEASE.jar:/home/natan/.m2/repository/org/springframework/cloud/spring-cloud-aws-core/2.2.6.RELEASE/spring-cloud-aws-core-2.2.6.RELEASE.jar:/home/natan/.m2/repository/com/amazonaws/aws-java-sdk-s3/1.11.792/aws-java-sdk-s3-1.11.792.jar:/home/natan/.m2/repository/com/amazonaws/aws-java-sdk-kms/1.11.792/aws-java-sdk-kms-1.11.792.jar:/home/natan/.m2/repository/com/amazonaws/aws-java-sdk-ec2/1.11.792/aws-java-sdk-ec2-1.11.792.jar:/home/natan/.m2/repository/com/amazonaws/aws-java-sdk-cloudformation/1.11.792/aws-java-sdk-cloudformation-1.11.792.jar:/home/natan/.m2/repository/com/amazonaws/aws-java-sdk-sns/1.11.792/aws-java-sdk-sns-1.11.792.jar:/home/natan/.m2/repository/com/amazonaws/aws-java-sdk-core/1.11.792/aws-java-sdk-core-1.11.792.jar:/home/natan/.m2/repository/commons-logging/commons-logging/1.1.3/commons-logging-1.1.3.jar:/home/natan/.m2/repository/org/apache/httpcomponents/httpclient/4.5.13/httpclient-4.5.13.jar:/home/natan/.m2/repository/org/apache/httpcomponents/httpcore/4.4.14/httpcore-4.4.14.jar:/home/natan/.m2/repository/commons-codec/commons-codec/1.15/commons-codec-1.15.jar:/home/natan/.m2/repository/software/amazon/ion/ion-java/1.0.2/ion-java-1.0.2.jar:/home/natan/.m2/repository/joda-time/joda-time/2.8.1/joda-time-2.8.1.jar:/home/natan/.m2/repository/com/amazonaws/jmespath-java/1.11.792/jmespath-java-1.11.792.jar:/home/natan/.m2/repository/com/amazonaws/aws-java-sdk-sqs/1.11.792/aws-java-sdk-sqs-1.11.792.jar:/home/natan/.m2/repository/org/springframework/spring-messaging/5.3.13/spring-messaging-5.3.13.jar:/home/natan/.m2/repository/org/slf4j/slf4j-api/1.7.32/slf4j-api-1.7.32.jar:/home/natan/.m2/repository/javax/activation/javax.activation-api/1.2.0/javax.activation-api-1.2.0.jar:/home/natan/.m2/repository/org/projectlombok/lombok/1.18.22/lombok-1.18.22.jar:/home/natan/learnings/sns_producer/core/target/core-1.0-SNAPSHOT.jar:/home/natan/.m2/repository/javax/inject/javax.inject/1/javax.inject-1.jar:/home/natan/.m2/repository/ch/qos/logback/logback-classic/1.2.7/logback-classic-1.2.7.jar:/home/natan/.m2/repository/ch/qos/logback/logback-core/1.2.7/logback-core-1.2.7.jar:/home/natan/.m2/repository/net/logstash/logback/logstash-logback-encoder/7.0.1/logstash-logback-encoder-7.0.1.jar:/home/natan/.m2/repository/com/example/appname/custom-logging-starter/1.0.0-SNAPSHOT/custom-logging-starter-1.0.0-SNAPSHOT.jar:/home/natan/.m2/repository/org/springframework/boot/spring-boot-autoconfigure/2.6.1/spring-boot-autoconfigure-2.6.1.jar:/home/natan/.m2/repository/com/gu/kinesis-logback-appender/2.0.3/kinesis-logback-appender-2.0.3.jar:/home/natan/.m2/repository/software/amazon/awssdk/sts/2.16.69/sts-2.16.69.jar:/home/natan/.m2/repository/software/amazon/awssdk/aws-query-protocol/2.16.69/aws-query-protocol-2.16.69.jar:/home/natan/.m2/repository/software/amazon/awssdk/protocol-core/2.16.69/protocol-core-2.16.69.jar:/home/natan/.m2/repository/software/amazon/awssdk/profiles/2.16.69/profiles-2.16.69.jar:/home/natan/.m2/repository/software/amazon/awssdk/sdk-core/2.16.69/sdk-core-2.16.69.jar:/home/natan/.m2/repository/org/reactivestreams/reactive-streams/1.0.3/reactive-streams-1.0.3.jar:/home/natan/.m2/repository/software/amazon/awssdk/auth/2.16.69/auth-2.16.69.jar:/home/natan/.m2/repository/software/amazon/eventstream/eventstream/1.0.1/eventstream-1.0.1.jar:/home/natan/.m2/repository/software/amazon/awssdk/http-client-spi/2.16.69/http-client-spi-2.16.69.jar:/home/natan/.m2/repository/software/amazon/awssdk/regions/2.16.69/regions-2.16.69.jar:/home/natan/.m2/repository/software/amazon/awssdk/annotations/2.16.69/annotations-2.16.69.jar:/home/natan/.m2/repository/software/amazon/awssdk/utils/2.16.69/utils-2.16.69.jar:/home/natan/.m2/repository/software/amazon/awssdk/aws-core/2.16.69/aws-core-2.16.69.jar:/home/natan/.m2/repository/software/amazon/awssdk/metrics-spi/2.16.69/metrics-spi-2.16.69.jar:/home/natan/.m2/repository/software/amazon/awssdk/apache-client/2.16.69/apache-client-2.16.69.jar:/home/natan/.m2/repository/software/amazon/awssdk/netty-nio-client/2.16.69/netty-nio-client-2.16.69.jar:/home/natan/.m2/repository/io/netty/netty-codec-http/4.1.70.Final/netty-codec-http-4.1.70.Final.jar:/home/natan/.m2/repository/io/netty/netty-codec-http2/4.1.70.Final/netty-codec-http2-4.1.70.Final.jar:/home/natan/.m2/repository/io/netty/netty-codec/4.1.70.Final/netty-codec-4.1.70.Final.jar:/home/natan/.m2/repository/io/netty/netty-transport/4.1.70.Final/netty-transport-4.1.70.Final.jar:/home/natan/.m2/repository/io/netty/netty-resolver/4.1.70.Final/netty-resolver-4.1.70.Final.jar:/home/natan/.m2/repository/io/netty/netty-common/4.1.70.Final/netty-common-4.1.70.Final.jar:/home/natan/.m2/repository/io/netty/netty-buffer/4.1.70.Final/netty-buffer-4.1.70.Final.jar:/home/natan/.m2/repository/io/netty/netty-handler/4.1.70.Final/netty-handler-4.1.70.Final.jar:/home/natan/.m2/repository/io/netty/netty-transport-native-epoll/4.1.70.Final/netty-transport-native-epoll-4.1.70.Final-linux-x86_64.jar:/home/natan/.m2/repository/io/netty/netty-transport-native-unix-common/4.1.70.Final/netty-transport-native-unix-common-4.1.70.Final.jar:/home/natan/.m2/repository/io/netty/netty-transport-classes-epoll/4.1.70.Final/netty-transport-classes-epoll-4.1.70.Final.jar:/home/natan/.m2/repository/com/typesafe/netty/netty-reactive-streams-http/2.0.5/netty-reactive-streams-http-2.0.5.jar:/home/natan/.m2/repository/com/typesafe/netty/netty-reactive-streams/2.0.5/netty-reactive-streams-2.0.5.jar:/home/natan/.m2/repository/software/amazon/awssdk/firehose/2.16.69/firehose-2.16.69.jar:/home/natan/.m2/repository/software/amazon/awssdk/aws-json-protocol/2.16.69/aws-json-protocol-2.16.69.jar:/home/natan/.m2/repository/software/amazon/awssdk/kinesis/2.16.69/kinesis-2.16.69.jar:/home/natan/.m2/repository/software/amazon/awssdk/aws-cbor-protocol/2.16.69/aws-cbor-protocol-2.16.69.jar:/home/natan/.m2/repository/com/fasterxml/jackson/core/jackson-core/2.13.0/jackson-core-2.13.0.jar:/home/natan/.m2/repository/com/fasterxml/jackson/dataformat/jackson-dataformat-cbor/2.13.0/jackson-dataformat-cbor-2.13.0.jar:/home/natan/.m2/repository/org/springframework/cloud/spring-cloud-starter-sleuth/3.1.0/spring-cloud-starter-sleuth-3.1.0.jar:/home/natan/.m2/repository/org/springframework/cloud/spring-cloud-starter/3.1.0/spring-cloud-starter-3.1.0.jar:/home/natan/.m2/repository/org/springframework/cloud/spring-cloud-context/3.1.0/spring-cloud-context-3.1.0.jar:/home/natan/.m2/repository/org/springframework/security/spring-security-crypto/5.6.0/spring-security-crypto-5.6.0.jar:/home/natan/.m2/repository/org/springframework/cloud/spring-cloud-commons/3.1.0/spring-cloud-commons-3.1.0.jar:/home/natan/.m2/repository/org/springframework/security/spring-security-rsa/1.0.10.RELEASE/spring-security-rsa-1.0.10.RELEASE.jar:/home/natan/.m2/repository/org/bouncycastle/bcpkix-jdk15on/1.68/bcpkix-jdk15on-1.68.jar:/home/natan/.m2/repository/org/bouncycastle/bcprov-jdk15on/1.68/bcprov-jdk15on-1.68.jar:/home/natan/.m2/repository/org/springframework/boot/spring-boot-starter-aop/2.6.1/spring-boot-starter-aop-2.6.1.jar:/home/natan/.m2/repository/org/aspectj/aspectjweaver/1.9.7/aspectjweaver-1.9.7.jar:/home/natan/.m2/repository/org/springframework/cloud/spring-cloud-sleuth-autoconfigure/3.1.0/spring-cloud-sleuth-autoconfigure-3.1.0.jar:/home/natan/.m2/repository/org/springframework/cloud/spring-cloud-sleuth-instrumentation/3.1.0/spring-cloud-sleuth-instrumentation-3.1.0.jar:/home/natan/.m2/repository/org/springframework/cloud/spring-cloud-sleuth-api/3.1.0/spring-cloud-sleuth-api-3.1.0.jar:/home/natan/.m2/repository/org/aspectj/aspectjrt/1.9.7/aspectjrt-1.9.7.jar:/home/natan/.m2/repository/org/springframework/cloud/spring-cloud-sleuth-brave/3.1.0/spring-cloud-sleuth-brave-3.1.0.jar:/home/natan/.m2/repository/io/zipkin/brave/brave/5.13.2/brave-5.13.2.jar:/home/natan/.m2/repository/io/zipkin/brave/brave-context-slf4j/5.13.2/brave-context-slf4j-5.13.2.jar:/home/natan/.m2/repository/io/zipkin/brave/brave-instrumentation-messaging/5.13.2/brave-instrumentation-messaging-5.13.2.jar:/home/natan/.m2/repository/io/zipkin/brave/brave-instrumentation-rpc/5.13.2/brave-instrumentation-rpc-5.13.2.jar:/home/natan/.m2/repository/io/zipkin/brave/brave-instrumentation-spring-rabbit/5.13.2/brave-instrumentation-spring-rabbit-5.13.2.jar:/home/natan/.m2/repository/io/zipkin/brave/brave-instrumentation-kafka-clients/5.13.2/brave-instrumentation-kafka-clients-5.13.2.jar:/home/natan/.m2/repository/io/zipkin/brave/brave-instrumentation-kafka-streams/5.13.2/brave-instrumentation-kafka-streams-5.13.2.jar:/home/natan/.m2/repository/io/zipkin/brave/brave-instrumentation-httpclient/5.13.2/brave-instrumentation-httpclient-5.13.2.jar:/home/natan/.m2/repository/io/zipkin/brave/brave-instrumentation-http/5.13.2/brave-instrumentation-http-5.13.2.jar:/home/natan/.m2/repository/io/zipkin/brave/brave-instrumentation-httpasyncclient/5.13.2/brave-instrumentation-httpasyncclient-5.13.2.jar:/home/natan/.m2/repository/io/zipkin/brave/brave-instrumentation-jms/5.13.2/brave-instrumentation-jms-5.13.2.jar:/home/natan/.m2/repository/io/zipkin/brave/brave-instrumentation-mongodb/5.13.2/brave-instrumentation-mongodb-5.13.2.jar:/home/natan/.m2/repository/io/zipkin/aws/brave-propagation-aws/0.21.3/brave-propagation-aws-0.21.3.jar:/home/natan/.m2/repository/io/zipkin/reporter2/zipkin-reporter-metrics-micrometer/2.16.1/zipkin-reporter-metrics-micrometer-2.16.1.jar:/home/natan/.m2/repository/io/zipkin/reporter2/zipkin-reporter/2.16.1/zipkin-reporter-2.16.1.jar:/home/natan/.m2/repository/io/zipkin/zipkin2/zipkin/2.23.0/zipkin-2.23.0.jar:/home/natan/.m2/repository/org/springframework/boot/spring-boot-starter-test/2.6.1/spring-boot-starter-test-2.6.1.jar:/home/natan/.m2/repository/org/springframework/boot/spring-boot-test/2.6.1/spring-boot-test-2.6.1.jar:/home/natan/.m2/repository/org/springframework/boot/spring-boot-test-autoconfigure/2.6.1/spring-boot-test-autoconfigure-2.6.1.jar:/home/natan/.m2/repository/com/jayway/jsonpath/json-path/2.6.0/json-path-2.6.0.jar:/home/natan/.m2/repository/net/minidev/json-smart/2.4.7/json-smart-2.4.7.jar:/home/natan/.m2/repository/net/minidev/accessors-smart/2.4.7/accessors-smart-2.4.7.jar:/home/natan/.m2/repository/org/ow2/asm/asm/9.1/asm-9.1.jar:/home/natan/.m2/repository/jakarta/xml/bind/jakarta.xml.bind-api/2.3.3/jakarta.xml.bind-api-2.3.3.jar:/home/natan/.m2/repository/jakarta/activation/jakarta.activation-api/1.2.2/jakarta.activation-api-1.2.2.jar:/home/natan/.m2/repository/org/assertj/assertj-core/3.21.0/assertj-core-3.21.0.jar:/home/natan/.m2/repository/org/hamcrest/hamcrest/2.2/hamcrest-2.2.jar:/home/natan/.m2/repository/org/junit/jupiter/junit-jupiter/5.8.1/junit-jupiter-5.8.1.jar:/home/natan/.m2/repository/org/junit/jupiter/junit-jupiter-params/5.8.1/junit-jupiter-params-5.8.1.jar:/home/natan/.m2/repository/org/junit/jupiter/junit-jupiter-engine/5.8.1/junit-jupiter-engine-5.8.1.jar:/home/natan/.m2/repository/org/junit/platform/junit-platform-engine/1.8.1/junit-platform-engine-1.8.1.jar:/home/natan/.m2/repository/org/mockito/mockito-core/4.0.0/mockito-core-4.0.0.jar:/home/natan/.m2/repository/net/bytebuddy/byte-buddy/1.11.22/byte-buddy-1.11.22.jar:/home/natan/.m2/repository/net/bytebuddy/byte-buddy-agent/1.11.22/byte-buddy-agent-1.11.22.jar:/home/natan/.m2/repository/org/objenesis/objenesis/3.2/objenesis-3.2.jar:/home/natan/.m2/repository/org/mockito/mockito-junit-jupiter/4.0.0/mockito-junit-jupiter-4.0.0.jar:/home/natan/.m2/repository/org/skyscreamer/jsonassert/1.5.0/jsonassert-1.5.0.jar:/home/natan/.m2/repository/com/vaadin/external/google/android-json/0.0.20131108.vaadin1/android-json-0.0.20131108.vaadin1.jar:/home/natan/.m2/repository/org/springframework/spring-core/5.3.13/spring-core-5.3.13.jar:/home/natan/.m2/repository/org/springframework/spring-jcl/5.3.13/spring-jcl-5.3.13.jar:/home/natan/.m2/repository/org/springframework/spring-test/5.3.13/spring-test-5.3.13.jar:/home/natan/.m2/repository/org/xmlunit/xmlunit-core/2.8.3/xmlunit-core-2.8.3.jar:/home/natan/.m2/repository/org/testcontainers/junit-jupiter/1.16.2/junit-jupiter-1.16.2.jar:/home/natan/.m2/repository/org/testcontainers/testcontainers/1.16.2/testcontainers-1.16.2.jar:/home/natan/.m2/repository/junit/junit/4.13.2/junit-4.13.2.jar:/home/natan/.m2/repository/org/hamcrest/hamcrest-core/2.2/hamcrest-core-2.2.jar:/home/natan/.m2/repository/org/apache/commons/commons-compress/1.21/commons-compress-1.21.jar:/home/natan/.m2/repository/org/rnorth/duct-tape/duct-tape/1.0.8/duct-tape-1.0.8.jar:/home/natan/.m2/repository/org/jetbrains/annotations/17.0.0/annotations-17.0.0.jar:/home/natan/.m2/repository/com/github/docker-java/docker-java-api/3.2.12/docker-java-api-3.2.12.jar:/home/natan/.m2/repository/com/github/docker-java/docker-java-transport-zerodep/3.2.12/docker-java-transport-zerodep-3.2.12.jar:/home/natan/.m2/repository/com/github/docker-java/docker-java-transport/3.2.12/docker-java-transport-3.2.12.jar:/home/natan/.m2/repository/net/java/dev/jna/jna/5.8.0/jna-5.8.0.jar:/home/natan/.m2/repository/org/junit/jupiter/junit-jupiter-api/5.8.1/junit-jupiter-api-5.8.1.jar:/home/natan/.m2/repository/org/opentest4j/opentest4j/1.2.0/opentest4j-1.2.0.jar:/home/natan/.m2/repository/org/junit/platform/junit-platform-commons/1.8.1/junit-platform-commons-1.8.1.jar:/home/natan/.m2/repository/org/apiguardian/apiguardian-api/1.1.2/apiguardian-api-1.1.2.jar:"/>
    <property name="java.vm.vendor" value="Private Build"/>
    <property name="sun.arch.data.model" value="64"/>
    <property name="java.vendor.url" value="Unknown"/>
    <property name="os.name" value="Linux"/>
    <property name="java.vm.specification.version" value="17"/>
    <property name="sun.java.launcher" value="SUN_STANDARD"/>
    <property name="user.country" value="BR"/>
    <property name="sun.boot.library.path" value="/usr/lib/jvm/java-17-openjdk-amd64/lib"/>
    <property name="sun.java.command" value="/home/natan/learnings/sns_producer/application/target/surefire/surefirebooter8646772612735070564.jar /home/natan/learnings/sns_producer/application/target/surefire 2022-04-26T00-36-53_870-jvmRun1 surefire2517573228574246823tmp surefire_07915717293257736508tmp"/>
    <property name="jdk.debug" value="release"/>
    <property name="surefire.test.class.path" value="/home/natan/learnings/sns_producer/application/target/test-classes:/home/natan/learnings/sns_producer/application/target/classes:/home/natan/.m2/repository/org/springframework/boot/spring-boot-starter-web/2.6.1/spring-boot-starter-web-2.6.1.jar:/home/natan/.m2/repository/org/springframework/boot/spring-boot-starter/2.6.1/spring-boot-starter-2.6.1.jar:/home/natan/.m2/repository/org/springframework/boot/spring-boot/2.6.1/spring-boot-2.6.1.jar:/home/natan/.m2/repository/org/springframework/boot/spring-boot-starter-logging/2.6.1/spring-boot-starter-logging-2.6.1.jar:/home/natan/.m2/repository/org/apache/logging/log4j/log4j-to-slf4j/2.14.1/log4j-to-slf4j-2.14.1.jar:/home/natan/.m2/repository/org/apache/logging/log4j/log4j-api/2.14.1/log4j-api-2.14.1.jar:/home/natan/.m2/repository/org/slf4j/jul-to-slf4j/1.7.32/jul-to-slf4j-1.7.32.jar:/home/natan/.m2/repository/jakarta/annotation/jakarta.annotation-api/1.3.5/jakarta.annotation-api-1.3.5.jar:/home/natan/.m2/repository/org/yaml/snakeyaml/1.29/snakeyaml-1.29.jar:/home/natan/.m2/repository/org/springframework/boot/spring-boot-starter-json/2.6.1/spring-boot-starter-json-2.6.1.jar:/home/natan/.m2/repository/com/fasterxml/jackson/core/jackson-databind/2.13.0/jackson-databind-2.13.0.jar:/home/natan/.m2/repository/com/fasterxml/jackson/core/jackson-annotations/2.13.0/jackson-annotations-2.13.0.jar:/home/natan/.m2/repository/com/fasterxml/jackson/datatype/jackson-datatype-jdk8/2.13.0/jackson-datatype-jdk8-2.13.0.jar:/home/natan/.m2/repository/com/fasterxml/jackson/datatype/jackson-datatype-jsr310/2.13.0/jackson-datatype-jsr310-2.13.0.jar:/home/natan/.m2/repository/com/fasterxml/jackson/module/jackson-module-parameter-names/2.13.0/jackson-module-parameter-names-2.13.0.jar:/home/natan/.m2/repository/org/springframework/spring-web/5.3.13/spring-web-5.3.13.jar:/home/natan/.m2/repository/org/springframework/spring-beans/5.3.13/spring-beans-5.3.13.jar:/home/natan/.m2/repository/org/springframework/spring-webmvc/5.3.13/spring-webmvc-5.3.13.jar:/home/natan/.m2/repository/org/springframework/spring-aop/5.3.13/spring-aop-5.3.13.jar:/home/natan/.m2/repository/org/springframework/spring-context/5.3.13/spring-context-5.3.13.jar:/home/natan/.m2/repository/org/springframework/spring-expression/5.3.13/spring-expression-5.3.13.jar:/home/natan/.m2/repository/org/springframework/boot/spring-boot-starter-undertow/2.6.1/spring-boot-starter-undertow-2.6.1.jar:/home/natan/.m2/repository/io/undertow/undertow-core/2.2.12.Final/undertow-core-2.2.12.Final.jar:/home/natan/.m2/repository/org/jboss/logging/jboss-logging/3.4.2.Final/jboss-logging-3.4.2.Final.jar:/home/natan/.m2/repository/org/jboss/xnio/xnio-api/3.8.4.Final/xnio-api-3.8.4.Final.jar:/home/natan/.m2/repository/org/wildfly/common/wildfly-common/1.5.2.Final/wildfly-common-1.5.2.Final.jar:/home/natan/.m2/repository/org/wildfly/client/wildfly-client-config/1.0.1.Final/wildfly-client-config-1.0.1.Final.jar:/home/natan/.m2/repository/org/jboss/xnio/xnio-nio/3.8.4.Final/xnio-nio-3.8.4.Final.jar:/home/natan/.m2/repository/org/jboss/threads/jboss-threads/3.1.0.Final/jboss-threads-3.1.0.Final.jar:/home/natan/.m2/repository/io/undertow/undertow-servlet/2.2.12.Final/undertow-servlet-2.2.12.Final.jar:/home/natan/.m2/repository/io/undertow/undertow-websockets-jsr/2.2.12.Final/undertow-websockets-jsr-2.2.12.Final.jar:/home/natan/.m2/repository/jakarta/servlet/jakarta.servlet-api/4.0.4/jakarta.servlet-api-4.0.4.jar:/home/natan/.m2/repository/jakarta/websocket/jakarta.websocket-api/1.1.2/jakarta.websocket-api-1.1.2.jar:/home/natan/.m2/repository/org/apache/tomcat/embed/tomcat-embed-el/9.0.55/tomcat-embed-el-9.0.55.jar:/home/natan/.m2/repository/org/springframework/boot/spring-boot-starter-actuator/2.6.1/spring-boot-starter-actuator-2.6.1.jar:/home/natan/.m2/repository/org/springframework/boot/spring-boot-actuator-autoconfigure/2.6.1/spring-boot-actuator-autoconfigure-2.6.1.jar:/home/natan/.m2/repository/org/springframework/boot/spring-boot-actuator/2.6.1/spring-boot-actuator-2.6.1.jar:/home/natan/.m2/repository/io/micrometer/micrometer-core/1.8.0/micrometer-core-1.8.0.jar:/home/natan/.m2/repository/org/hdrhistogram/HdrHistogram/2.1.12/HdrHistogram-2.1.12.jar:/home/natan/.m2/repository/org/latencyutils/LatencyUtils/2.0.3/LatencyUtils-2.0.3.jar:/home/natan/.m2/repository/org/springframework/cloud/spring-cloud-aws-messaging/2.2.6.RELEASE/spring-cloud-aws-messaging-2.2.6.RELEASE.jar:/home/natan/.m2/repository/org/springframework/cloud/spring-cloud-aws-context/2.2.6.RELEASE/spring-cloud-aws-context-2.2.6.RELEASE.jar:/home/natan/.m2/repository/org/springframework/cloud/spring-cloud-aws-core/2.2.6.RELEASE/spring-cloud-aws-core-2.2.6.RELEASE.jar:/home/natan/.m2/repository/com/amazonaws/aws-java-sdk-s3/1.11.792/aws-java-sdk-s3-1.11.792.jar:/home/natan/.m2/repository/com/amazonaws/aws-java-sdk-kms/1.11.792/aws-java-sdk-kms-1.11.792.jar:/home/natan/.m2/repository/com/amazonaws/aws-java-sdk-ec2/1.11.792/aws-java-sdk-ec2-1.11.792.jar:/home/natan/.m2/repository/com/amazonaws/aws-java-sdk-cloudformation/1.11.792/aws-java-sdk-cloudformation-1.11.792.jar:/home/natan/.m2/repository/com/amazonaws/aws-java-sdk-sns/1.11.792/aws-java-sdk-sns-1.11.792.jar:/home/natan/.m2/repository/com/amazonaws/aws-java-sdk-core/1.11.792/aws-java-sdk-core-1.11.792.jar:/home/natan/.m2/repository/commons-logging/commons-logging/1.1.3/commons-logging-1.1.3.jar:/home/natan/.m2/repository/org/apache/httpcomponents/httpclient/4.5.13/httpclient-4.5.13.jar:/home/natan/.m2/repository/org/apache/httpcomponents/httpcore/4.4.14/httpcore-4.4.14.jar:/home/natan/.m2/repository/commons-codec/commons-codec/1.15/commons-codec-1.15.jar:/home/natan/.m2/repository/software/amazon/ion/ion-java/1.0.2/ion-java-1.0.2.jar:/home/natan/.m2/repository/joda-time/joda-time/2.8.1/joda-time-2.8.1.jar:/home/natan/.m2/repository/com/amazonaws/jmespath-java/1.11.792/jmespath-java-1.11.792.jar:/home/natan/.m2/repository/com/amazonaws/aws-java-sdk-sqs/1.11.792/aws-java-sdk-sqs-1.11.792.jar:/home/natan/.m2/repository/org/springframework/spring-messaging/5.3.13/spring-messaging-5.3.13.jar:/home/natan/.m2/repository/org/slf4j/slf4j-api/1.7.32/slf4j-api-1.7.32.jar:/home/natan/.m2/repository/javax/activation/javax.activation-api/1.2.0/javax.activation-api-1.2.0.jar:/home/natan/.m2/repository/org/projectlombok/lombok/1.18.22/lombok-1.18.22.jar:/home/natan/learnings/sns_producer/core/target/core-1.0-SNAPSHOT.jar:/home/natan/.m2/repository/javax/inject/javax.inject/1/javax.inject-1.jar:/home/natan/.m2/repository/ch/qos/logback/logback-classic/1.2.7/logback-classic-1.2.7.jar:/home/natan/.m2/repository/ch/qos/logback/logback-core/1.2.7/logback-core-1.2.7.jar:/home/natan/.m2/repository/net/logstash/logback/logstash-logback-encoder/7.0.1/logstash-logback-encoder-7.0.1.jar:/home/natan/.m2/repository/com/example/appname/custom-logging-starter/1.0.0-SNAPSHOT/custom-logging-starter-1.0.0-SNAPSHOT.jar:/home/natan/.m2/repository/org/springframework/boot/spring-boot-autoconfigure/2.6.1/spring-boot-autoconfigure-2.6.1.jar:/home/natan/.m2/repository/com/gu/kinesis-logback-appender/2.0.3/kinesis-logback-appender-2.0.3.jar:/home/natan/.m2/repository/software/amazon/awssdk/sts/2.16.69/sts-2.16.69.jar:/home/natan/.m2/repository/software/amazon/awssdk/aws-query-protocol/2.16.69/aws-query-protocol-2.16.69.jar:/home/natan/.m2/repository/software/amazon/awssdk/protocol-core/2.16.69/protocol-core-2.16.69.jar:/home/natan/.m2/repository/software/amazon/awssdk/profiles/2.16.69/profiles-2.16.69.jar:/home/natan/.m2/repository/software/amazon/awssdk/sdk-core/2.16.69/sdk-core-2.16.69.jar:/home/natan/.m2/repository/org/reactivestreams/reactive-streams/1.0.3/reactive-streams-1.0.3.jar:/home/natan/.m2/repository/software/amazon/awssdk/auth/2.16.69/auth-2.16.69.jar:/home/natan/.m2/repository/software/amazon/eventstream/eventstream/1.0.1/eventstream-1.0.1.jar:/home/natan/.m2/repository/software/amazon/awssdk/http-client-spi/2.16.69/http-client-spi-2.16.69.jar:/home/natan/.m2/repository/software/amazon/awssdk/regions/2.16.69/regions-2.16.69.jar:/home/natan/.m2/repository/software/amazon/awssdk/annotations/2.16.69/annotations-2.16.69.jar:/home/natan/.m2/repository/software/amazon/awssdk/utils/2.16.69/utils-2.16.69.jar:/home/natan/.m2/repository/software/amazon/awssdk/aws-core/2.16.69/aws-core-2.16.69.jar:/home/natan/.m2/repository/software/amazon/awssdk/metrics-spi/2.16.69/metrics-spi-2.16.69.jar:/home/natan/.m2/repository/software/amazon/awssdk/apache-client/2.16.69/apache-client-2.16.69.jar:/home/natan/.m2/repository/software/amazon/awssdk/netty-nio-client/2.16.69/netty-nio-client-2.16.69.jar:/home/natan/.m2/repository/io/netty/netty-codec-http/4.1.70.Final/netty-codec-http-4.1.70.Final.jar:/home/natan/.m2/repository/io/netty/netty-codec-http2/4.1.70.Final/netty-codec-http2-4.1.70.Final.jar:/home/natan/.m2/repository/io/netty/netty-codec/4.1.70.Final/netty-codec-4.1.70.Final.jar:/home/natan/.m2/repository/io/netty/netty-transport/4.1.70.Final/netty-transport-4.1.70.Final.jar:/home/natan/.m2/repository/io/netty/netty-resolver/4.1.70.Final/netty-resolver-4.1.70.Final.jar:/home/natan/.m2/repository/io/netty/netty-common/4.1.70.Final/netty-common-4.1.70.Final.jar:/home/natan/.m2/repository/io/netty/netty-buffer/4.1.70.Final/netty-buffer-4.1.70.Final.jar:/home/natan/.m2/repository/io/netty/netty-handler/4.1.70.Final/netty-handler-4.1.70.Final.jar:/home/natan/.m2/repository/io/netty/netty-transport-native-epoll/4.1.70.Final/netty-transport-native-epoll-4.1.70.Final-linux-x86_64.jar:/home/natan/.m2/repository/io/netty/netty-transport-native-unix-common/4.1.70.Final/netty-transport-native-unix-common-4.1.70.Final.jar:/home/natan/.m2/repository/io/netty/netty-transport-classes-epoll/4.1.70.Final/netty-transport-classes-epoll-4.1.70.Final.jar:/home/natan/.m2/repository/com/typesafe/netty/netty-reactive-streams-http/2.0.5/netty-reactive-streams-http-2.0.5.jar:/home/natan/.m2/repository/com/typesafe/netty/netty-reactive-streams/2.0.5/netty-reactive-streams-2.0.5.jar:/home/natan/.m2/repository/software/amazon/awssdk/firehose/2.16.69/firehose-2.16.69.jar:/home/natan/.m2/repository/software/amazon/awssdk/aws-json-protocol/2.16.69/aws-json-protocol-2.16.69.jar:/home/natan/.m2/repository/software/amazon/awssdk/kinesis/2.16.69/kinesis-2.16.69.jar:/home/natan/.m2/repository/software/amazon/awssdk/aws-cbor-protocol/2.16.69/aws-cbor-protocol-2.16.69.jar:/home/natan/.m2/repository/com/fasterxml/jackson/core/jackson-core/2.13.0/jackson-core-2.13.0.jar:/home/natan/.m2/repository/com/fasterxml/jackson/dataformat/jackson-dataformat-cbor/2.13.0/jackson-dataformat-cbor-2.13.0.jar:/home/natan/.m2/repository/org/springframework/cloud/spring-cloud-starter-sleuth/3.1.0/spring-cloud-starter-sleuth-3.1.0.jar:/home/natan/.m2/repository/org/springframework/cloud/spring-cloud-starter/3.1.0/spring-cloud-starter-3.1.0.jar:/home/natan/.m2/repository/org/springframework/cloud/spring-cloud-context/3.1.0/spring-cloud-context-3.1.0.jar:/home/natan/.m2/repository/org/springframework/security/spring-security-crypto/5.6.0/spring-security-crypto-5.6.0.jar:/home/natan/.m2/repository/org/springframework/cloud/spring-cloud-commons/3.1.0/spring-cloud-commons-3.1.0.jar:/home/natan/.m2/repository/org/springframework/security/spring-security-rsa/1.0.10.RELEASE/spring-security-rsa-1.0.10.RELEASE.jar:/home/natan/.m2/repository/org/bouncycastle/bcpkix-jdk15on/1.68/bcpkix-jdk15on-1.68.jar:/home/natan/.m2/repository/org/bouncycastle/bcprov-jdk15on/1.68/bcprov-jdk15on-1.68.jar:/home/natan/.m2/repository/org/springframework/boot/spring-boot-starter-aop/2.6.1/spring-boot-starter-aop-2.6.1.jar:/home/natan/.m2/repository/org/aspectj/aspectjweaver/1.9.7/aspectjweaver-1.9.7.jar:/home/natan/.m2/repository/org/springframework/cloud/spring-cloud-sleuth-autoconfigure/3.1.0/spring-cloud-sleuth-autoconfigure-3.1.0.jar:/home/natan/.m2/repository/org/springframework/cloud/spring-cloud-sleuth-instrumentation/3.1.0/spring-cloud-sleuth-instrumentation-3.1.0.jar:/home/natan/.m2/repository/org/springframework/cloud/spring-cloud-sleuth-api/3.1.0/spring-cloud-sleuth-api-3.1.0.jar:/home/natan/.m2/repository/org/aspectj/aspectjrt/1.9.7/aspectjrt-1.9.7.jar:/home/natan/.m2/repository/org/springframework/cloud/spring-cloud-sleuth-brave/3.1.0/spring-cloud-sleuth-brave-3.1.0.jar:/home/natan/.m2/repository/io/zipkin/brave/brave/5.13.2/brave-5.13.2.jar:/home/natan/.m2/repository/io/zipkin/brave/brave-context-slf4j/5.13.2/brave-context-slf4j-5.13.2.jar:/home/natan/.m2/repository/io/zipkin/brave/brave-instrumentation-messaging/5.13.2/brave-instrumentation-messaging-5.13.2.jar:/home/natan/.m2/repository/io/zipkin/brave/brave-instrumentation-rpc/5.13.2/brave-instrumentation-rpc-5.13.2.jar:/home/natan/.m2/repository/io/zipkin/brave/brave-instrumentation-spring-rabbit/5.13.2/brave-instrumentation-spring-rabbit-5.13.2.jar:/home/natan/.m2/repository/io/zipkin/brave/brave-instrumentation-kafka-clients/5.13.2/brave-instrumentation-kafka-clients-5.13.2.jar:/home/natan/.m2/repository/io/zipkin/brave/brave-instrumentation-kafka-streams/5.13.2/brave-instrumentation-kafka-streams-5.13.2.jar:/home/natan/.m2/repository/io/zipkin/brave/brave-instrumentation-httpclient/5.13.2/brave-instrumentation-httpclient-5.13.2.jar:/home/natan/.m2/repository/io/zipkin/brave/brave-instrumentation-http/5.13.2/brave-instrumentation-http-5.13.2.jar:/home/natan/.m2/repository/io/zipkin/brave/brave-instrumentation-httpasyncclient/5.13.2/brave-instrumentation-httpasyncclient-5.13.2.jar:/home/natan/.m2/repository/io/zipkin/brave/brave-instrumentation-jms/5.13.2/brave-instrumentation-jms-5.13.2.jar:/home/natan/.m2/repository/io/zipkin/brave/brave-instrumentation-mongodb/5.13.2/brave-instrumentation-mongodb-5.13.2.jar:/home/natan/.m2/repository/io/zipkin/aws/brave-propagation-aws/0.21.3/brave-propagation-aws-0.21.3.jar:/home/natan/.m2/repository/io/zipkin/reporter2/zipkin-reporter-metrics-micrometer/2.16.1/zipkin-reporter-metrics-micrometer-2.16.1.jar:/home/natan/.m2/repository/io/zipkin/reporter2/zipkin-reporter/2.16.1/zipkin-reporter-2.16.1.jar:/home/natan/.m2/repository/io/zipkin/zipkin2/zipkin/2.23.0/zipkin-2.23.0.jar:/home/natan/.m2/repository/org/springframework/boot/spring-boot-starter-test/2.6.1/spring-boot-starter-test-2.6.1.jar:/home/natan/.m2/repository/org/springframework/boot/spring-boot-test/2.6.1/spring-boot-test-2.6.1.jar:/home/natan/.m2/repository/org/springframework/boot/spring-boot-test-autoconfigure/2.6.1/spring-boot-test-autoconfigure-2.6.1.jar:/home/natan/.m2/repository/com/jayway/jsonpath/json-path/2.6.0/json-path-2.6.0.jar:/home/natan/.m2/repository/net/minidev/json-smart/2.4.7/json-smart-2.4.7.jar:/home/natan/.m2/repository/net/minidev/accessors-smart/2.4.7/accessors-smart-2.4.7.jar:/home/natan/.m2/repository/org/ow2/asm/asm/9.1/asm-9.1.jar:/home/natan/.m2/repository/jakarta/xml/bind/jakarta.xml.bind-api/2.3.3/jakarta.xml.bind-api-2.3.3.jar:/home/natan/.m2/repository/jakarta/activation/jakarta.activation-api/1.2.2/jakarta.activation-api-1.2.2.jar:/home/natan/.m2/repository/org/assertj/assertj-core/3.21.0/assertj-core-3.21.0.jar:/home/natan/.m2/repository/org/hamcrest/hamcrest/2.2/hamcrest-2.2.jar:/home/natan/.m2/repository/org/junit/jupiter/junit-jupiter/5.8.1/junit-jupiter-5.8.1.jar:/home/natan/.m2/repository/org/junit/jupiter/junit-jupiter-params/5.8.1/junit-jupiter-params-5.8.1.jar:/home/natan/.m2/repository/org/junit/jupiter/junit-jupiter-engine/5.8.1/junit-jupiter-engine-5.8.1.jar:/home/natan/.m2/repository/org/junit/platform/junit-platform-engine/1.8.1/junit-platform-engine-1.8.1.jar:/home/natan/.m2/repository/org/mockito/mockito-core/4.0.0/mockito-core-4.0.0.jar:/home/natan/.m2/repository/net/bytebuddy/byte-buddy/1.11.22/byte-buddy-1.11.22.jar:/home/natan/.m2/repository/net/bytebuddy/byte-buddy-agent/1.11.22/byte-buddy-agent-1.11.22.jar:/home/natan/.m2/repository/org/objenesis/objenesis/3.2/objenesis-3.2.jar:/home/natan/.m2/repository/org/mockito/mockito-junit-jupiter/4.0.0/mockito-junit-jupiter-4.0.0.jar:/home/natan/.m2/repository/org/skyscreamer/jsonassert/1.5.0/jsonassert-1.5.0.jar:/home/natan/.m2/repository/com/vaadin/external/google/android-json/0.0.20131108.vaadin1/android-json-0.0.20131108.vaadin1.jar:/home/natan/.m2/repository/org/springframework/spring-core/5.3.13/spring-core-5.3.13.jar:/home/natan/.m2/repository/org/springframework/spring-jcl/5.3.13/spring-jcl-5.3.13.jar:/home/natan/.m2/repository/org/springframework/spring-test/5.3.13/spring-test-5.3.13.jar:/home/natan/.m2/repository/org/xmlunit/xmlunit-core/2.8.3/xmlunit-core-2.8.3.jar:/home/natan/.m2/repository/org/testcontainers/junit-jupiter/1.16.2/junit-jupiter-1.16.2.jar:/home/natan/.m2/repository/org/testcontainers/testcontainers/1.16.2/testcontainers-1.16.2.jar:/home/natan/.m2/repository/junit/junit/4.13.2/junit-4.13.2.jar:/home/natan/.m2/repository/org/hamcrest/hamcrest-core/2.2/hamcrest-core-2.2.jar:/home/natan/.m2/repository/org/apache/commons/commons-compress/1.21/commons-compress-1.21.jar:/home/natan/.m2/repository/org/rnorth/duct-tape/duct-tape/1.0.8/duct-tape-1.0.8.jar:/home/natan/.m2/repository/org/jetbrains/annotations/17.0.0/annotations-17.0.0.jar:/home/natan/.m2/repository/com/github/docker-java/docker-java-api/3.2.12/docker-java-api-3.2.12.jar:/home/natan/.m2/repository/com/github/docker-java/docker-java-transport-zerodep/3.2.12/docker-java-transport-zerodep-3.2.12.jar:/home/natan/.m2/repository/com/github/docker-java/docker-java-transport/3.2.12/docker-java-transport-3.2.12.jar:/home/natan/.m2/repository/net/java/dev/jna/jna/5.8.0/jna-5.8.0.jar:/home/natan/.m2/repository/org/junit/jupiter/junit-jupiter-api/5.8.1/junit-jupiter-api-5.8.1.jar:/home/natan/.m2/repository/org/opentest4j/opentest4j/1.2.0/opentest4j-1.2.0.jar:/home/natan/.m2/repository/org/junit/platform/junit-platform-commons/1.8.1/junit-platform-commons-1.8.1.jar:/home/natan/.m2/repository/org/apiguardian/apiguardian-api/1.1.2/apiguardian-api-1.1.2.jar:"/>
    <property name="sun.cpu.endian" value="little"/>
    <property name="user.home" value="/home/natan"/>
    <property name="user.language" value="pt"/>
    <property name="java.specification.vendor" value="Oracle Corporation"/>
    <property name="java.version.date" value="2022-01-18"/>
    <property name="java.home" value="/usr/lib/jvm/java-17-openjdk-amd64"/>
    <property name="file.separator" value="/"/>
    <property name="basedir" value="/home/natan/learnings/sns_producer/application"/>
    <property name="java.vm.compressedOopsMode" value="Zero based"/>
    <property name="line.separator" value="&#10;"/>
    <property name="java.vm.specification.vendor" value="Oracle Corporation"/>
    <property name="java.specification.name" value="Java Platform API Specification"/>
    <property name="surefire.real.class.path" value="/home/natan/learnings/sns_producer/application/target/surefire/surefirebooter8646772612735070564.jar"/>
    <property name="sun.management.compiler" value="HotSpot 64-Bit Tiered Compilers"/>
    <property name="java.runtime.version" value="17.0.2+8-Ubuntu-120.04"/>
    <property name="user.name" value="natan"/>
    <property name="path.separator" value=":"/>
    <property name="os.version" value="5.13.0-39-generic"/>
    <property name="java.runtime.name" value="OpenJDK Runtime Environment"/>
    <property name="file.encoding" value="UTF-8"/>
    <property name="java.vm.name" value="OpenJDK 64-Bit Server VM"/>
    <property name="localRepository" value="/home/natan/.m2/repository"/>
    <property name="java.vendor.url.bug" value="Unknown"/>
    <property name="java.io.tmpdir" value="/tmp"/>
    <property name="java.version" value="17.0.2"/>
    <property name="user.dir" value="/home/natan/learnings/sns_producer/application"/>
    <property name="os.arch" value="amd64"/>
    <property name="java.vm.specification.name" value="Java Virtual Machine Specification"/>
    <property name="native.encoding" value="UTF-8"/>
    <property name="java.library.path" value="/usr/java/packages/lib:/usr/lib/x86_64-linux-gnu/jni:/lib/x86_64-linux-gnu:/usr/lib/x86_64-linux-gnu:/usr/lib/jni:/lib:/usr/lib"/>
    <property name="java.vm.info" value="mixed mode, sharing"/>
    <property name="java.vendor" value="Private Build"/>
    <property name="java.vm.version" value="17.0.2+8-Ubuntu-120.04"/>
    <property name="sun.io.unicode.encoding" value="UnicodeLittle"/>
    <property name="java.class.version" value="61.0"/>
  </properties>
  <testcase name="contextLoads" classname="com.example.appname.ApplicationTests" time="0.287"/>
</testsuite>